<?xml version="1.0" encoding="UTF-8"?>
<!-- Generated by org.testng.reporters.JUnitXMLReporter -->
<testsuite ignored="0" hostname="DESKTOP-9GRUFQO" failures="0" tests="4" name="Test" time="4.833" errors="0" timestamp="2023-12-27T17:35:35 IST">
  <testcase classname="Day8.CreateUser" name="tes_createUser" time="3.019"/>
  <testcase classname="Day8.GetUser" name="test_getUser" time="1.055"/>
  <testcase classname="Day8.UpdateUser" name="test_UpdateUser" time="0.365"/>
  <testcase classname="Day8.DeleteUser" name="test_DeleteUser" time="0.333"/>
</testsuite> <!-- Test -->
