<?xml version="1.0" encoding="UTF-8"?>
<testng-results ignored="0" total="1" passed="1" failed="0" skipped="0">
  <reporter-output>
  </reporter-output>
  <suite started-at="2024-02-12T18:44:42 IST" name="Default suite" finished-at="2024-02-12T18:46:08 IST" duration-ms="86130">
    <groups>
    </groups>
    <test started-at="2024-02-12T18:44:42 IST" name="Default test" finished-at="2024-02-12T18:46:08 IST" duration-ms="86130">
      <class name="Day5.Nex">
        <test-method signature="testPostUsingExternalFile()[pri:1, instance:Day5.Nex@48f2bd5b]" started-at="2024-02-12T18:44:42 IST" name="testPostUsingExternalFile" finished-at="2024-02-12T18:46:08 IST" duration-ms="86048" status="PASS">
          <reporter-output>
          </reporter-output>
        </test-method> <!-- testPostUsingExternalFile -->
      </class> <!-- Day5.Nex -->
    </test> <!-- Default test -->
  </suite> <!-- Default suite -->
</testng-results>
